C:\Program Files\Microsoft Visual Studio\2022\Community\MSBuild\Microsoft\VC\v170\Microsoft.CppBuild.targets(534,5): warning MSB8028: The intermediate directory (x64\Release\) contains files shared from another project (AV.vcxproj).  This can lead to incorrect clean and rebuild behavior.
  AntiAnalysis.c
  ApiHashing.c
C:\Users\Lenovo\Downloads\AV\AV\AntiAnalysis.c(24,25): warning C4047: 'initializing': 'DWORD' differs in levels of indirection from 'void *'
C:\Users\Lenovo\Downloads\AV\AV\AntiAnalysis.c(58,9): warning C4047: 'function': 'DWORD' differs in levels of indirection from 'void *'
C:\Users\Lenovo\Downloads\AV\AV\AntiAnalysis.c(58,9): warning C4024: 'g_Api': different types for formal and actual parameter 4
C:\Users\Lenovo\Downloads\AV\AV\AntiAnalysis.c(67,43): warning C4047: 'function': 'UINT' differs in levels of indirection from 'void *'
C:\Users\Lenovo\Downloads\AV\AV\AntiAnalysis.c(67,43): warning C4024: 'g_Api': different types for formal and actual parameter 3
C:\Users\Lenovo\Downloads\AV\AV\AntiAnalysis.c(67,49): warning C4047: 'function': 'UINT' differs in levels of indirection from 'void *'
C:\Users\Lenovo\Downloads\AV\AV\AntiAnalysis.c(67,49): warning C4024: 'g_Api': different types for formal and actual parameter 4
C:\Users\Lenovo\Downloads\AV\AV\AntiAnalysis.c(124,97): warning C4047: 'function': 'DWORD' differs in levels of indirection from 'void *'
C:\Users\Lenovo\Downloads\AV\AV\AntiAnalysis.c(124,97): warning C4024: 'g_Api': different types for formal and actual parameter 6
C:\Users\Lenovo\Downloads\AV\AV\AntiAnalysis.c(137,73): warning C4244: 'function': conversion from 'SIZE_T' to 'DWORD', possible loss of data
C:\Users\Lenovo\Downloads\AV\AV\AntiAnalysis.c(153,97): warning C4047: 'function': 'DWORD' differs in levels of indirection from 'void *'
C:\Users\Lenovo\Downloads\AV\AV\AntiAnalysis.c(153,97): warning C4024: 'g_Api': different types for formal and actual parameter 6
C:\Users\Lenovo\Downloads\AV\AV\AntiAnalysis.c(212,13): warning C4244: '=': conversion from 'ULONGLONG' to 'DWORD', possible loss of data
C:\Users\Lenovo\Downloads\AV\AV\AntiAnalysis.c(223,13): warning C4244: '=': conversion from 'ULONGLONG' to 'DWORD', possible loss of data
C:\Users\Lenovo\Downloads\AV\AV\AntiAnalysis.c(197,39): warning C4244: 'initializing': conversion from 'FLOAT' to 'DWORD', possible loss of data
C:\Users\Lenovo\Downloads\AV\AV\AntiAnalysis.c(199,13): warning C4047: 'initializing': 'LONGLONG' differs in levels of indirection from 'void *'
C:\Users\Lenovo\Downloads\AV\AV\AntiAnalysis.c(200,13): warning C4047: 'initializing': 'NTSTATUS' differs in levels of indirection from 'void *'
C:\Users\Lenovo\Downloads\AV\AV\AntiAnalysis.c(201,11): warning C4047: 'initializing': 'DWORD' differs in levels of indirection from 'void *'
C:\Users\Lenovo\Downloads\AV\AV\AntiAnalysis.c(202,7): warning C4047: 'initializing': 'DWORD' differs in levels of indirection from 'void *'
C:\Users\Lenovo\Downloads\AV\AV\AntiAnalysis.c(253,13): warning C4244: '=': conversion from 'ULONGLONG' to 'DWORD', possible loss of data
C:\Users\Lenovo\Downloads\AV\AV\AntiAnalysis.c(310,19): warning C4047: '=': 'DWORD' differs in levels of indirection from 'void *'
C:\Users\Lenovo\Downloads\AV\AV\AntiAnalysis.c(245,14): warning C4047: 'initializing': 'NTSTATUS' differs in levels of indirection from 'void *'
C:\Users\Lenovo\Downloads\AV\AV\AntiAnalysis.c(248,14): warning C4047: 'initializing': 'LONGLONG' differs in levels of indirection from 'void *'
C:\Users\Lenovo\Downloads\AV\AV\AntiAnalysis.c(249,8): warning C4047: 'initializing': 'DWORD' differs in levels of indirection from 'void *'
C:\Users\Lenovo\Downloads\AV\AV\ApiHashing.c(14,39): warning C4047: '==': 'DWORD' differs in levels of indirection from 'void *'
C:\Users\Lenovo\Downloads\AV\AV\ApiHashing.c(55,23): warning C4047: '==': 'DWORD' differs in levels of indirection from 'void *'
C:\Users\Lenovo\Downloads\AV\AV\ApiHashing.c(69,32): warning C4047: '!=': 'int' differs in levels of indirection from 'void *'
C:\Users\Lenovo\Downloads\AV\AV\ApiHashing.c(76,66): warning C4244: 'function': conversion from 'WCHAR' to 'CHAR', possible loss of data
  HellsGate.c
C:\Users\Lenovo\Downloads\AV\AV\HellsGate.c(85,33): warning C4047: '!=': 'int' differs in levels of indirection from 'void *'
  inject.c
C:\Users\Lenovo\Downloads\AV\AV\inject.c(185,23): warning C4311: 'type cast': pointer truncation from 'HANDLE' to 'DWORD'
C:\Users\Lenovo\Downloads\AV\AV\inject.c(186,72): warning C4311: 'type cast': pointer truncation from 'HANDLE' to 'DWORD'
C:\Users\Lenovo\Downloads\AV\AV\inject.c(202,17): warning C4047: '==': 'DWORD' differs in levels of indirection from 'void *'
C:\Users\Lenovo\Downloads\AV\AV\inject.c(149,17): warning C4047: 'initializing': 'ULONG' differs in levels of indirection from 'void *'
C:\Users\Lenovo\Downloads\AV\AV\inject.c(150,9): warning C4047: 'initializing': 'ULONG' differs in levels of indirection from 'void *'
C:\Users\Lenovo\Downloads\AV\AV\inject.c(153,19): warning C4047: 'initializing': 'NTSTATUS' differs in levels of indirection from 'void *'
C:\Users\Lenovo\Downloads\AV\AV\inject.c(253,37): warning C4133: 'function': incompatible types - from 'USTRING *' to 'USTRING *'
C:\Users\Lenovo\Downloads\AV\AV\inject.c(253,43): warning C4133: 'function': incompatible types - from 'USTRING *' to 'USTRING *'
C:\Users\Lenovo\Downloads\AV\AV\inject.c(224,21): warning C4047: 'initializing': 'NTSTATUS' differs in levels of indirection from 'void *'
C:\Users\Lenovo\Downloads\AV\AV\inject.c(294,15): warning C4047: 'initializing': 'NTSTATUS' differs in levels of indirection from 'void *'
  main.c
C:\Users\Lenovo\Downloads\AV\AV\main.c(22,1): warning C4010: single-line comment contains line-continuation character
  WinApi.c
  Generating Code...
  LINK : /LTCG specified but no code generation required; remove /LTCG from the link command line to improve linker performance
  AV.vcxproj -> C:\Users\Lenovo\Downloads\AV\x64\Release\AV-testing.exe
