  Assembling HellAsm.asm...
  AntiAnalysis.c
  ApiHashing.c
C:\Users\molzri3a\Desktop\Projects\ThreadHijackingSyscalls\AV\AV\Debug.h(11,1): warning C4010: single-line comment contains line-continuation character
  (compiling source file 'AntiAnalysis.c')
  
C:\Users\molzri3a\Desktop\Projects\ThreadHijackingSyscalls\AV\AV\AntiAnalysis.c(24,25): warning C4047: 'initializing': 'DWORD' differs in levels of indirection from 'void *'
C:\Users\molzri3a\Desktop\Projects\ThreadHijackingSyscalls\AV\AV\AntiAnalysis.c(58,9): warning C4047: 'function': 'DWORD' differs in levels of indirection from 'void *'
C:\Users\molzri3a\Desktop\Projects\ThreadHijackingSyscalls\AV\AV\AntiAnalysis.c(58,9): warning C4024: 'g_Api': different types for formal and actual parameter 4
C:\Users\molzri3a\Desktop\Projects\ThreadHijackingSyscalls\AV\AV\AntiAnalysis.c(67,43): warning C4047: 'function': 'UINT' differs in levels of indirection from 'void *'
C:\Users\molzri3a\Desktop\Projects\ThreadHijackingSyscalls\AV\AV\AntiAnalysis.c(67,43): warning C4024: 'g_Api': different types for formal and actual parameter 3
C:\Users\molzri3a\Desktop\Projects\ThreadHijackingSyscalls\AV\AV\AntiAnalysis.c(67,49): warning C4047: 'function': 'UINT' differs in levels of indirection from 'void *'
C:\Users\molzri3a\Desktop\Projects\ThreadHijackingSyscalls\AV\AV\AntiAnalysis.c(67,49): warning C4024: 'g_Api': different types for formal and actual parameter 4
C:\Users\molzri3a\Desktop\Projects\ThreadHijackingSyscalls\AV\AV\AntiAnalysis.c(124,97): warning C4047: 'function': 'DWORD' differs in levels of indirection from 'void *'
C:\Users\molzri3a\Desktop\Projects\ThreadHijackingSyscalls\AV\AV\AntiAnalysis.c(124,97): warning C4024: 'g_Api': different types for formal and actual parameter 6
C:\Users\molzri3a\Desktop\Projects\ThreadHijackingSyscalls\AV\AV\AntiAnalysis.c(137,73): warning C4244: 'function': conversion from 'SIZE_T' to 'DWORD', possible loss of data
C:\Users\molzri3a\Desktop\Projects\ThreadHijackingSyscalls\AV\AV\AntiAnalysis.c(153,97): warning C4047: 'function': 'DWORD' differs in levels of indirection from 'void *'
C:\Users\molzri3a\Desktop\Projects\ThreadHijackingSyscalls\AV\AV\AntiAnalysis.c(153,97): warning C4024: 'g_Api': different types for formal and actual parameter 6
C:\Users\molzri3a\Desktop\Projects\ThreadHijackingSyscalls\AV\AV\AntiAnalysis.c(212,13): warning C4244: '=': conversion from 'ULONGLONG' to 'DWORD', possible loss of data
C:\Users\molzri3a\Desktop\Projects\ThreadHijackingSyscalls\AV\AV\AntiAnalysis.c(223,13): warning C4244: '=': conversion from 'ULONGLONG' to 'DWORD', possible loss of data
C:\Users\molzri3a\Desktop\Projects\ThreadHijackingSyscalls\AV\AV\AntiAnalysis.c(197,39): warning C4244: 'initializing': conversion from 'FLOAT' to 'DWORD', possible loss of data
C:\Users\molzri3a\Desktop\Projects\ThreadHijackingSyscalls\AV\AV\AntiAnalysis.c(199,13): warning C4047: 'initializing': 'LONGLONG' differs in levels of indirection from 'void *'
C:\Users\molzri3a\Desktop\Projects\ThreadHijackingSyscalls\AV\AV\AntiAnalysis.c(200,13): warning C4047: 'initializing': 'NTSTATUS' differs in levels of indirection from 'void *'
C:\Users\molzri3a\Desktop\Projects\ThreadHijackingSyscalls\AV\AV\AntiAnalysis.c(201,11): warning C4047: 'initializing': 'DWORD' differs in levels of indirection from 'void *'
C:\Users\molzri3a\Desktop\Projects\ThreadHijackingSyscalls\AV\AV\AntiAnalysis.c(202,7): warning C4047: 'initializing': 'DWORD' differs in levels of indirection from 'void *'
C:\Users\molzri3a\Desktop\Projects\ThreadHijackingSyscalls\AV\AV\AntiAnalysis.c(308,19): warning C4047: '=': 'DWORD' differs in levels of indirection from 'void *'
C:\Users\molzri3a\Desktop\Projects\ThreadHijackingSyscalls\AV\AV\AntiAnalysis.c(245,14): warning C4047: 'initializing': 'NTSTATUS' differs in levels of indirection from 'void *'
C:\Users\molzri3a\Desktop\Projects\ThreadHijackingSyscalls\AV\AV\AntiAnalysis.c(248,14): warning C4047: 'initializing': 'LONGLONG' differs in levels of indirection from 'void *'
C:\Users\molzri3a\Desktop\Projects\ThreadHijackingSyscalls\AV\AV\ApiHashing.c(14,39): warning C4047: '==': 'DWORD' differs in levels of indirection from 'void *'
C:\Users\molzri3a\Desktop\Projects\ThreadHijackingSyscalls\AV\AV\ApiHashing.c(55,23): warning C4047: '==': 'DWORD' differs in levels of indirection from 'void *'
C:\Users\molzri3a\Desktop\Projects\ThreadHijackingSyscalls\AV\AV\ApiHashing.c(69,32): warning C4047: '!=': 'int' differs in levels of indirection from 'void *'
C:\Users\molzri3a\Desktop\Projects\ThreadHijackingSyscalls\AV\AV\ApiHashing.c(76,66): warning C4244: 'function': conversion from 'WCHAR' to 'CHAR', possible loss of data
  HellsGate.c
C:\Users\molzri3a\Desktop\Projects\ThreadHijackingSyscalls\AV\AV\HellsGate.c(85,33): warning C4047: '!=': 'int' differs in levels of indirection from 'void *'
  Inject.c
C:\Users\molzri3a\Desktop\Projects\ThreadHijackingSyscalls\AV\AV\Debug.h(11,1): warning C4010: single-line comment contains line-continuation character
  (compiling source file 'Inject.c')
  
C:\Users\molzri3a\Desktop\Projects\ThreadHijackingSyscalls\AV\AV\Inject.c(143,14): warning C4311: 'type cast': pointer truncation from 'HANDLE' to 'DWORD'
C:\Users\molzri3a\Desktop\Projects\ThreadHijackingSyscalls\AV\AV\Inject.c(144,63): warning C4311: 'type cast': pointer truncation from 'HANDLE' to 'DWORD'
C:\Users\molzri3a\Desktop\Projects\ThreadHijackingSyscalls\AV\AV\Inject.c(160,14): warning C4047: '==': 'DWORD' differs in levels of indirection from 'void *'
C:\Users\molzri3a\Desktop\Projects\ThreadHijackingSyscalls\AV\AV\Inject.c(107,14): warning C4047: 'initializing': 'ULONG' differs in levels of indirection from 'void *'
C:\Users\molzri3a\Desktop\Projects\ThreadHijackingSyscalls\AV\AV\Inject.c(108,3): warning C4047: 'initializing': 'ULONG' differs in levels of indirection from 'void *'
C:\Users\molzri3a\Desktop\Projects\ThreadHijackingSyscalls\AV\AV\Inject.c(111,16): warning C4047: 'initializing': 'NTSTATUS' differs in levels of indirection from 'void *'
C:\Users\molzri3a\Desktop\Projects\ThreadHijackingSyscalls\AV\AV\Inject.c(211,34): warning C4133: 'function': incompatible types - from 'USTRING *' to 'USTRING *'
C:\Users\molzri3a\Desktop\Projects\ThreadHijackingSyscalls\AV\AV\Inject.c(211,40): warning C4133: 'function': incompatible types - from 'USTRING *' to 'USTRING *'
C:\Users\molzri3a\Desktop\Projects\ThreadHijackingSyscalls\AV\AV\Inject.c(180,18): warning C4047: 'initializing': 'NTSTATUS' differs in levels of indirection from 'void *'
C:\Users\molzri3a\Desktop\Projects\ThreadHijackingSyscalls\AV\AV\Inject.c(301,71): warning C4244: 'function': conversion from 'SIZE_T' to 'DWORD', possible loss of data
C:\Users\molzri3a\Desktop\Projects\ThreadHijackingSyscalls\AV\AV\Inject.c(232,13): warning C4047: 'initializing': 'NTSTATUS' differs in levels of indirection from 'void *'
C:\Users\molzri3a\Desktop\Projects\ThreadHijackingSyscalls\AV\AV\Inject.c(233,12): warning C4047: 'initializing': 'SIZE_T' differs in levels of indirection from 'void *'
C:\Users\molzri3a\Desktop\Projects\ThreadHijackingSyscalls\AV\AV\Inject.c(236,15): warning C4244: 'initializing': conversion from 'SIZE_T' to 'DWORD', possible loss of data
  main.c
C:\Users\molzri3a\Desktop\Projects\ThreadHijackingSyscalls\AV\AV\IatCamoflouage.h(45,54): warning C4047: 'function': 'UINT' differs in levels of indirection from 'void *'
  (compiling source file 'main.c')
  
C:\Users\molzri3a\Desktop\Projects\ThreadHijackingSyscalls\AV\AV\IatCamoflouage.h(45,54): warning C4024: 'MessageBoxA': different types for formal and actual parameter 4
  (compiling source file 'main.c')
  
C:\Users\molzri3a\Desktop\Projects\ThreadHijackingSyscalls\AV\AV\IatCamoflouage.h(47,41): warning C4047: 'function': 'DWORD' differs in levels of indirection from 'void *'
  (compiling source file 'main.c')
  
C:\Users\molzri3a\Desktop\Projects\ThreadHijackingSyscalls\AV\AV\IatCamoflouage.h(47,41): warning C4024: 'SetCriticalSectionSpinCount': different types for formal and actual parameter 2
  (compiling source file 'main.c')
  
C:\Users\molzri3a\Desktop\Projects\ThreadHijackingSyscalls\AV\AV\IatCamoflouage.h(49,31): warning C4047: 'function': 'int' differs in levels of indirection from 'void *'
  (compiling source file 'main.c')
  
C:\Users\molzri3a\Desktop\Projects\ThreadHijackingSyscalls\AV\AV\IatCamoflouage.h(49,31): warning C4024: 'GetWindowLongPtrW': different types for formal and actual parameter 2
  (compiling source file 'main.c')
  
C:\Users\molzri3a\Desktop\Projects\ThreadHijackingSyscalls\AV\AV\IatCamoflouage.h(52,28): warning C4047: 'function': 'LCID' differs in levels of indirection from 'void *'
  (compiling source file 'main.c')
  
C:\Users\molzri3a\Desktop\Projects\ThreadHijackingSyscalls\AV\AV\IatCamoflouage.h(52,28): warning C4024: 'ConvertDefaultLocale': different types for formal and actual parameter 1
  (compiling source file 'main.c')
  
C:\Users\molzri3a\Desktop\Projects\ThreadHijackingSyscalls\AV\AV\IatCamoflouage.h(53,27): warning C4047: 'function': 'UINT' differs in levels of indirection from 'void *'
  (compiling source file 'main.c')
  
C:\Users\molzri3a\Desktop\Projects\ThreadHijackingSyscalls\AV\AV\IatCamoflouage.h(53,27): warning C4024: 'MultiByteToWideChar': different types for formal and actual parameter 1
  (compiling source file 'main.c')
  
C:\Users\molzri3a\Desktop\Projects\ThreadHijackingSyscalls\AV\AV\IatCamoflouage.h(53,33): warning C4047: 'function': 'DWORD' differs in levels of indirection from 'void *'
  (compiling source file 'main.c')
  
C:\Users\molzri3a\Desktop\Projects\ThreadHijackingSyscalls\AV\AV\IatCamoflouage.h(53,33): warning C4024: 'MultiByteToWideChar': different types for formal and actual parameter 2
  (compiling source file 'main.c')
  
C:\Users\molzri3a\Desktop\Projects\ThreadHijackingSyscalls\AV\AV\IatCamoflouage.h(53,45): warning C4047: 'function': 'int' differs in levels of indirection from 'void *'
  (compiling source file 'main.c')
  
C:\Users\molzri3a\Desktop\Projects\ThreadHijackingSyscalls\AV\AV\IatCamoflouage.h(53,45): warning C4024: 'MultiByteToWideChar': different types for formal and actual parameter 4
  (compiling source file 'main.c')
  
C:\Users\molzri3a\Desktop\Projects\ThreadHijackingSyscalls\AV\AV\IatCamoflouage.h(53,57): warning C4047: 'function': 'int' differs in levels of indirection from 'void *'
  (compiling source file 'main.c')
  
C:\Users\molzri3a\Desktop\Projects\ThreadHijackingSyscalls\AV\AV\IatCamoflouage.h(53,57): warning C4024: 'MultiByteToWideChar': different types for formal and actual parameter 6
  (compiling source file 'main.c')
  
C:\Users\molzri3a\Desktop\Projects\ThreadHijackingSyscalls\AV\AV\Debug.h(11,1): warning C4010: single-line comment contains line-continuation character
  (compiling source file 'main.c')
  
C:\Users\molzri3a\Desktop\Projects\ThreadHijackingSyscalls\AV\AV\main.c(22,1): warning C4010: single-line comment contains line-continuation character
C:\Users\molzri3a\Desktop\Projects\ThreadHijackingSyscalls\AV\AV\main.c(26,1): warning C4010: single-line comment contains line-continuation character
C:\Users\molzri3a\Desktop\Projects\ThreadHijackingSyscalls\AV\AV\main.c(54,9): warning C4047: 'initializing': 'DWORD' differs in levels of indirection from 'void *'
  WinApi.c
  Generating Code...
AntiAnalysis.obj : error LNK2019: unresolved external symbol memcpy referenced in function DeleteSelf
AntiAnalysis.obj : error LNK2019: unresolved external symbol _RTC_CheckStackVars referenced in function AntiAnalysis
ApiHashing.obj : error LNK2001: unresolved external symbol _RTC_CheckStackVars
Inject.obj : error LNK2001: unresolved external symbol _RTC_CheckStackVars
main.obj : error LNK2001: unresolved external symbol _RTC_CheckStackVars
main.obj : error LNK2001: unresolved external symbol _RTC_InitBase
WinApi.obj : error LNK2001: unresolved external symbol _RTC_InitBase
AntiAnalysis.obj : error LNK2001: unresolved external symbol _RTC_InitBase
ApiHashing.obj : error LNK2001: unresolved external symbol _RTC_InitBase
HellsGate.obj : error LNK2001: unresolved external symbol _RTC_InitBase
Inject.obj : error LNK2001: unresolved external symbol _RTC_InitBase
main.obj : error LNK2001: unresolved external symbol _RTC_Shutdown
WinApi.obj : error LNK2001: unresolved external symbol _RTC_Shutdown
AntiAnalysis.obj : error LNK2001: unresolved external symbol _RTC_Shutdown
ApiHashing.obj : error LNK2001: unresolved external symbol _RTC_Shutdown
HellsGate.obj : error LNK2001: unresolved external symbol _RTC_Shutdown
Inject.obj : error LNK2001: unresolved external symbol _RTC_Shutdown
C:\Users\molzri3a\Desktop\Projects\ThreadHijackingSyscalls\AV\x64\Debug\AV.exe : fatal error LNK1120: 4 unresolved externals
